<?xml version="1.0" encoding="UTF-8"?>
<testng-results ignored="0" total="1" passed="1" failed="0" skipped="0">
  <reporter-output>
  </reporter-output>
  <suite started-at="2025-03-21T21:03:37 IST" name="Default suite" finished-at="2025-03-21T21:03:50 IST" duration-ms="12307">
    <groups>
    </groups>
    <test started-at="2025-03-21T21:03:37 IST" name="Default test" finished-at="2025-03-21T21:03:50 IST" duration-ms="12307">
      <class name="com.domBlaze.TestCases.validateLinks">
        <test-method is-config="true" signature="setUp()[pri:0, instance:com.domBlaze.TestCases.validateLinks@1530c739]" started-at="2025-03-21T21:03:37 IST" name="setUp" finished-at="2025-03-21T21:03:47 IST" duration-ms="9535" status="PASS">
          <reporter-output>
          </reporter-output>
        </test-method> <!-- setUp -->
        <test-method signature="verifyBrokenLinks()[pri:0, instance:com.domBlaze.TestCases.validateLinks@1530c739]" started-at="2025-03-21T21:03:47 IST" name="verifyBrokenLinks" finished-at="2025-03-21T21:03:50 IST" duration-ms="2741" status="PASS">
          <reporter-output>
          </reporter-output>
        </test-method> <!-- verifyBrokenLinks -->
      </class> <!-- com.domBlaze.TestCases.validateLinks -->
    </test> <!-- Default test -->
  </suite> <!-- Default suite -->
</testng-results>
